This is pdfTeXk, Version 3.141592-1.40.3 (Web2C 7.5.6) (format=pdflatex 2007.3.14)  19 NOV 2016 13:13
entering extended mode
 %&-line parsing enabled.
**manual.tex
(./manual.tex
LaTeX2e <2005/12/01>
Babel <v3.8h> and hyphenation patterns for english, usenglishmax, dumylang, noh
yphenation, arabic, basque, bulgarian, coptic, welsh, czech, slovak, german, ng
erman, danish, esperanto, spanish, catalan, galician, estonian, farsi, finnish,
 french, greek, monogreek, ancientgreek, croatian, hungarian, interlingua, ibyc
us, indonesian, icelandic, italian, latin, mongolian, dutch, norsk, polish, por
tuguese, pinyin, romanian, russian, slovenian, uppersorbian, serbian, swedish, 
turkish, ukenglish, ukrainian, loaded.
(/usr/local/texlive/2007/texmf-dist/tex/latex/base/book.cls
Document Class: book 2005/09/16 v1.4f Standard LaTeX document class
(/usr/local/texlive/2007/texmf-dist/tex/latex/base/bk10.clo
File: bk10.clo 2005/09/16 v1.4f Standard LaTeX file (size option)
)
\c@part=\count79
\c@chapter=\count80
\c@section=\count81
\c@subsection=\count82
\c@subsubsection=\count83
\c@paragraph=\count84
\c@subparagraph=\count85
\c@figure=\count86
\c@table=\count87
\abovecaptionskip=\skip41
\belowcaptionskip=\skip42
\bibindent=\dimen102
)
(/usr/local/texlive/2007/texmf-dist/tex/latex/amsmath/amsmath.sty
Package: amsmath 2000/07/18 v2.13 AMS math features
\@mathmargin=\skip43

For additional information on amsmath, use the `?' option.
(/usr/local/texlive/2007/texmf-dist/tex/latex/amsmath/amstext.sty
Package: amstext 2000/06/29 v2.01

(/usr/local/texlive/2007/texmf-dist/tex/latex/amsmath/amsgen.sty
File: amsgen.sty 1999/11/30 v2.0
\@emptytoks=\toks14
\ex@=\dimen103
))
(/usr/local/texlive/2007/texmf-dist/tex/latex/amsmath/amsbsy.sty
Package: amsbsy 1999/11/29 v1.2d
\pmbraise@=\dimen104
)
(/usr/local/texlive/2007/texmf-dist/tex/latex/amsmath/amsopn.sty
Package: amsopn 1999/12/14 v2.01 operator names
)
\inf@bad=\count88
LaTeX Info: Redefining \frac on input line 211.
\uproot@=\count89
\leftroot@=\count90
LaTeX Info: Redefining \overline on input line 307.
\classnum@=\count91
\DOTSCASE@=\count92
LaTeX Info: Redefining \ldots on input line 379.
LaTeX Info: Redefining \dots on input line 382.
LaTeX Info: Redefining \cdots on input line 467.
\Mathstrutbox@=\box26
\strutbox@=\box27
\big@size=\dimen105
LaTeX Font Info:    Redeclaring font encoding OML on input line 567.
LaTeX Font Info:    Redeclaring font encoding OMS on input line 568.
\macc@depth=\count93
\c@MaxMatrixCols=\count94
\dotsspace@=\muskip10
\c@parentequation=\count95
\dspbrk@lvl=\count96
\tag@help=\toks15
\row@=\count97
\column@=\count98
\maxfields@=\count99
\andhelp@=\toks16
\eqnshift@=\dimen106
\alignsep@=\dimen107
\tagshift@=\dimen108
\tagwidth@=\dimen109
\totwidth@=\dimen110
\lineht@=\dimen111
\@envbody=\toks17
\multlinegap=\skip44
\multlinetaggap=\skip45
\mathdisplay@stack=\toks18
LaTeX Info: Redefining \[ on input line 2666.
LaTeX Info: Redefining \] on input line 2667.
)
(/usr/local/texlive/2007/texmf-dist/tex/latex/amsfonts/amssymb.sty
Package: amssymb 2002/01/22 v2.2d

(/usr/local/texlive/2007/texmf-dist/tex/latex/amsfonts/amsfonts.sty
Package: amsfonts 2001/10/25 v2.2f
\symAMSa=\mathgroup4
\symAMSb=\mathgroup5
LaTeX Font Info:    Overwriting math alphabet `\mathfrak' in version `bold'
(Font)                  U/euf/m/n --> U/euf/b/n on input line 132.
))
(/usr/local/texlive/2007/texmf-dist/tex/latex/graphics/graphicx.sty
Package: graphicx 1999/02/16 v1.0f Enhanced LaTeX Graphics (DPC,SPQR)

(/usr/local/texlive/2007/texmf-dist/tex/latex/graphics/keyval.sty
Package: keyval 1999/03/16 v1.13 key=value parser (DPC)
\KV@toks@=\toks19
)
(/usr/local/texlive/2007/texmf-dist/tex/latex/graphics/graphics.sty
Package: graphics 2006/02/20 v1.0o Standard LaTeX Graphics (DPC,SPQR)

(/usr/local/texlive/2007/texmf-dist/tex/latex/graphics/trig.sty
Package: trig 1999/03/16 v1.09 sin cos tan (DPC)
)
(/usr/local/texlive/2007/texmf/tex/latex/config/graphics.cfg
File: graphics.cfg 2007/01/18 v1.5 graphics configuration of teTeX/TeXLive
)
Package graphics Info: Driver file: pdftex.def on input line 90.

(/usr/local/texlive/2007/texmf-dist/tex/latex/pdftex-def/pdftex.def
File: pdftex.def 2007/01/08 v0.04d Graphics/color for pdfTeX
\Gread@gobject=\count100
))
\Gin@req@height=\dimen112
\Gin@req@width=\dimen113
)
(./manual.aux)
\openout1 = `manual.aux'.

LaTeX Font Info:    Checking defaults for OML/cmm/m/it on input line 20.
LaTeX Font Info:    ... okay on input line 20.
LaTeX Font Info:    Checking defaults for T1/cmr/m/n on input line 20.
LaTeX Font Info:    ... okay on input line 20.
LaTeX Font Info:    Checking defaults for OT1/cmr/m/n on input line 20.
LaTeX Font Info:    ... okay on input line 20.
LaTeX Font Info:    Checking defaults for OMS/cmsy/m/n on input line 20.
LaTeX Font Info:    ... okay on input line 20.
LaTeX Font Info:    Checking defaults for OMX/cmex/m/n on input line 20.
LaTeX Font Info:    ... okay on input line 20.
LaTeX Font Info:    Checking defaults for U/cmr/m/n on input line 20.
LaTeX Font Info:    ... okay on input line 20.

(/usr/local/texlive/2007/texmf-dist/tex/context/base/supp-pdf.tex
[Loading MPS to PDF converter (version 2006.09.02).]
\scratchcounter=\count101
\scratchdimen=\dimen114
\scratchbox=\box28
\nofMPsegments=\count102
\nofMParguments=\count103
\MPscratchCnt=\count104
\MPscratchDim=\dimen115
\MPnumerator=\count105
\everyMPtoPDFconversion=\toks20
) <figs/uquantchemLOGO3.jpeg, id=1, 612.2875pt x 411.5375pt>
File: figs/uquantchemLOGO3.jpeg Graphic file (type jpg)

<use figs/uquantchemLOGO3.jpeg> [1


{/usr/local/texlive/2007/texmf-var/fonts/map/pdftex/updmap/pdftex.map} <./figs/
uquantchemLOGO3.jpeg>] (./manual.toc
LaTeX Font Info:    Try loading font information for U+msa on input line 4.

(/usr/local/texlive/2007/texmf-dist/tex/latex/amsfonts/umsa.fd
File: umsa.fd 2002/01/19 v2.2g AMS font definitions
)
LaTeX Font Info:    Try loading font information for U+msb on input line 4.

(/usr/local/texlive/2007/texmf-dist/tex/latex/amsfonts/umsb.fd
File: umsb.fd 2002/01/19 v2.2g AMS font definitions
) [2

] [3]
[4])
\tf@toc=\write3
\openout3 = `manual.toc'.

 [5]
Chapter 1.

Underfull \hbox (badness 10000) in paragraph at lines 58--67

 []


Underfull \hbox (badness 10000) in paragraph at lines 58--67

 []


Underfull \hbox (badness 10000) in paragraph at lines 58--67

 []

[6

]
Chapter 2.

Underfull \hbox (badness 10000) in paragraph at lines 71--100

 []


Underfull \hbox (badness 10000) in paragraph at lines 71--100

 []


Underfull \hbox (badness 10000) in paragraph at lines 71--100

 []


Underfull \hbox (badness 10000) in paragraph at lines 71--100

 []


Underfull \hbox (badness 10000) in paragraph at lines 71--100

 []


Underfull \hbox (badness 10000) in paragraph at lines 71--100

 []


Underfull \hbox (badness 10000) in paragraph at lines 71--100

 []


Underfull \hbox (badness 10000) in paragraph at lines 71--100

 []

[7

]
Underfull \hbox (badness 10000) in paragraph at lines 101--126

 []


Underfull \hbox (badness 10000) in paragraph at lines 101--126

 []


Underfull \hbox (badness 10000) in paragraph at lines 101--126

 []


Underfull \hbox (badness 10000) in paragraph at lines 101--126

 []


Underfull \hbox (badness 10000) in paragraph at lines 101--126

 []


Underfull \hbox (badness 10000) in paragraph at lines 101--126

 []


Underfull \hbox (badness 10000) in paragraph at lines 101--126

 []

[8]
Chapter 3.
[9

]
Underfull \hbox (badness 10000) in paragraph at lines 171--178

 []

[10] [11]
Chapter 4.

Underfull \hbox (badness 10000) in paragraph at lines 200--207

 []

LaTeX Font Info:    Font shape `OT1/cmtt/bx/n' in size <12> not available
(Font)              Font shape `OT1/cmtt/m/n' tried instead on input line 209.

Underfull \hbox (badness 10000) in paragraph at lines 210--219

 []

LaTeX Font Info:    Font shape `OT1/cmtt/bx/n' in size <10> not available
(Font)              Font shape `OT1/cmtt/m/n' tried instead on input line 228.

Underfull \hbox (badness 10000) in paragraph at lines 221--245

 []


Underfull \hbox (badness 10000) in paragraph at lines 221--245

 []


Underfull \hbox (badness 10000) in paragraph at lines 221--245

 []


Underfull \hbox (badness 10000) in paragraph at lines 221--245

 []


Underfull \hbox (badness 10000) in paragraph at lines 221--245

 []


Underfull \hbox (badness 10000) in paragraph at lines 221--245

 []


Underfull \hbox (badness 10000) in paragraph at lines 221--245

 []


Underfull \hbox (badness 10000) in paragraph at lines 221--245

 []


Underfull \hbox (badness 10000) in paragraph at lines 221--245

 []


Underfull \hbox (badness 10000) in paragraph at lines 221--245

 []


Underfull \hbox (badness 10000) in paragraph at lines 221--245

 []

[12

] [13]
Underfull \hbox (badness 10000) in paragraph at lines 247--255

 []


Underfull \hbox (badness 10000) in paragraph at lines 247--255

 []


Overfull \hbox (0.7299pt too wide) in paragraph at lines 247--255
\OT1/cmtt/m/n/10 Ahlrichs-Coulumb-fitting.dat \OT1/cmr/m/n/10 cor-re-spond-ing 
atomic num-ber $\OML/cmm/m/it/10 Z > \OT1/cmr/m/n/10 36$ (Xe), have coulomb-
 []


Underfull \hbox (badness 10000) in paragraph at lines 247--255

 []

[14]
Underfull \hbox (badness 10000) in paragraph at lines 276--279

 []


Underfull \hbox (badness 10000) in paragraph at lines 285--291

 []


Underfull \hbox (badness 10000) in paragraph at lines 294--299

 []

[15]
Overfull \hbox (21.30513pt too wide) in alignment at lines 334--339
 [][][] []
 []

[16] [17] [18]
Underfull \hbox (badness 10000) in paragraph at lines 409--415

 []

[19]
Underfull \hbox (badness 10000) in paragraph at lines 435--444

 []


Underfull \hbox (badness 10000) in paragraph at lines 435--444

 []


Underfull \hbox (badness 10000) in paragraph at lines 435--444

 []

[20]
Underfull \hbox (badness 10000) in paragraph at lines 467--484

 []


Underfull \hbox (badness 10000) in paragraph at lines 467--484

 []


Underfull \hbox (badness 10000) in paragraph at lines 467--484

 []

[21]
Overfull \hbox (7.43001pt too wide) in paragraph at lines 543--545
\OT1/cmr/m/n/10 Flag spec-i-fy-ing weather or not to per-form a struc-ture re-l
ax-ation cal-cu-la-tion. If \OT1/cmtt/m/n/10 RELAXN=.TRUE.
 []

[22] [23] [24] [25] [26]
Overfull \hbox (10.5226pt too wide) in paragraph at lines 697--699
\OT1/cmr/m/n/10 The in-dex of the or-bital which cor-re-spond-ing charge den-si
ty be-ing saved to the file \OT1/cmtt/m/n/10 ORBITAL.dat
 []


Underfull \hbox (badness 10000) in paragraph at lines 700--707

 []


Underfull \hbox (badness 10000) in paragraph at lines 700--707

 []


Underfull \hbox (badness 10000) in paragraph at lines 715--724

 []


Underfull \hbox (badness 10000) in paragraph at lines 715--724

 []

[27] [28]
Underfull \hbox (badness 10000) in paragraph at lines 764--775

 []


Underfull \hbox (badness 10000) in paragraph at lines 764--775

 []

[29] [30] [31] [32] [33] [34]
Underfull \hbox (badness 10000) in paragraph at lines 960--967

 []


Overfull \hbox (16.71814pt too wide) in paragraph at lines 960--967
\OT1/cmr/m/n/10 Don't for-get to check the re-sult-ing DQMC en-ergy by run-ning
 the util-ity pro-gram \OT1/cmtt/m/n/10 dqmc[]check.pl\OT1/cmr/m/n/10 .
 []

[35] [36]
Chapter 5.

Underfull \hbox (badness 10000) in paragraph at lines 998--1034

 []


Underfull \hbox (badness 10000) in paragraph at lines 998--1034

 []


Underfull \hbox (badness 10000) in paragraph at lines 998--1034

 []


Underfull \hbox (badness 10000) in paragraph at lines 998--1034

 []


Underfull \hbox (badness 10000) in paragraph at lines 998--1034

 []


Underfull \hbox (badness 10000) in paragraph at lines 998--1034

 []


Underfull \hbox (badness 10000) in paragraph at lines 998--1034

 []


Underfull \hbox (badness 10000) in paragraph at lines 998--1034

 []


Underfull \hbox (badness 10000) in paragraph at lines 998--1034

 []


Underfull \hbox (badness 10000) in paragraph at lines 998--1034

 []


Underfull \hbox (badness 10000) in paragraph at lines 998--1034

 []


Underfull \hbox (badness 10000) in paragraph at lines 998--1034

 []


Underfull \hbox (badness 10000) in paragraph at lines 998--1034

 []


Underfull \hbox (badness 10000) in paragraph at lines 998--1034

 []


Underfull \hbox (badness 10000) in paragraph at lines 998--1034

 []


Underfull \hbox (badness 10000) in paragraph at lines 998--1034

 []


Underfull \hbox (badness 10000) in paragraph at lines 998--1034

 []


Underfull \hbox (badness 10000) in paragraph at lines 998--1034

 []


Underfull \hbox (badness 10000) in paragraph at lines 998--1034

 []


Underfull \vbox (badness 3758) has occurred while \output is active []

 [37

]
<TDFT.pdf, id=139, 714.67pt x 538.01pt>
File: TDFT.pdf Graphic file (type pdf)
 <use TDFT.pdf> [38] [39 <./TDFT.pdf>]
Chapter 6.
[40

]
Chapter 7.

Underfull \hbox (badness 10000) in paragraph at lines 1060--1081

 []


Underfull \hbox (badness 10000) in paragraph at lines 1060--1081

 []


Underfull \hbox (badness 10000) in paragraph at lines 1060--1081

 []


Underfull \hbox (badness 10000) in paragraph at lines 1060--1081

 []


Underfull \hbox (badness 10000) in paragraph at lines 1060--1081

 []


Underfull \hbox (badness 10000) in paragraph at lines 1060--1081

 []


Underfull \hbox (badness 10000) in paragraph at lines 1060--1081

 []

[41

]
Underfull \hbox (badness 10000) in paragraph at lines 1089--1122

 []


Underfull \hbox (badness 10000) in paragraph at lines 1089--1122

 []


Underfull \hbox (badness 10000) in paragraph at lines 1089--1122

 []


Underfull \hbox (badness 10000) in paragraph at lines 1089--1122

 []


Underfull \hbox (badness 10000) in paragraph at lines 1089--1122

 []


Underfull \hbox (badness 10000) in paragraph at lines 1089--1122

 []


Underfull \hbox (badness 10000) in paragraph at lines 1089--1122

 []


Overfull \hbox (21.98338pt too wide) in paragraph at lines 1089--1122
\OT1/cmr/m/n/10 This sub-rou-tine cal-cu-lates the val-ues F[]nu(X) (see Cook B
ook p.280 ) [[]] for nu=0,1,2,...,NUMAX,
 []


Underfull \hbox (badness 10000) in paragraph at lines 1089--1122

 []


Underfull \hbox (badness 10000) in paragraph at lines 1089--1122

 []


Underfull \hbox (badness 10000) in paragraph at lines 1089--1122

 []


Underfull \hbox (badness 10000) in paragraph at lines 1089--1122

 []


Underfull \hbox (badness 10000) in paragraph at lines 1089--1122

 []


Underfull \hbox (badness 10000) in paragraph at lines 1089--1122

 []

[42] [43]
Underfull \hbox (badness 10000) in paragraph at lines 1123--1160

 []


Underfull \hbox (badness 10000) in paragraph at lines 1123--1160

 []


Underfull \hbox (badness 10000) in paragraph at lines 1123--1160

 []


Underfull \hbox (badness 10000) in paragraph at lines 1123--1160

 []


Underfull \hbox (badness 10000) in paragraph at lines 1123--1160

 []


Underfull \hbox (badness 10000) in paragraph at lines 1123--1160

 []


Underfull \hbox (badness 10000) in paragraph at lines 1123--1160

 []


Underfull \hbox (badness 10000) in paragraph at lines 1123--1160

 []


Underfull \hbox (badness 10000) in paragraph at lines 1123--1160

 []


Underfull \hbox (badness 10000) in paragraph at lines 1123--1160

 []


Underfull \hbox (badness 10000) in paragraph at lines 1123--1160

 []


Underfull \hbox (badness 10000) in paragraph at lines 1123--1160

 []

[44]
Underfull \hbox (badness 10000) in paragraph at lines 1161--1177

 []


Underfull \hbox (badness 10000) in paragraph at lines 1161--1177

 []


Underfull \hbox (badness 10000) in paragraph at lines 1161--1177

 []


Underfull \hbox (badness 10000) in paragraph at lines 1161--1177

 []


Underfull \hbox (badness 10000) in paragraph at lines 1161--1177

 []


Underfull \hbox (badness 10000) in paragraph at lines 1161--1177

 []


Underfull \hbox (badness 10000) in paragraph at lines 1161--1177

 []


Underfull \hbox (badness 10000) in paragraph at lines 1179--1183

 []


Underfull \hbox (badness 10000) in paragraph at lines 1179--1183

 []


Underfull \hbox (badness 10000) in paragraph at lines 1179--1183

 []


Underfull \hbox (badness 10000) in paragraph at lines 1185--1190

 []


Underfull \hbox (badness 10000) in paragraph at lines 1185--1190

 []


Underfull \hbox (badness 10000) in paragraph at lines 1185--1190

 []


Underfull \hbox (badness 10000) in paragraph at lines 1192--1209

 []


Underfull \hbox (badness 10000) in paragraph at lines 1192--1209

 []


Underfull \hbox (badness 10000) in paragraph at lines 1192--1209

 []


Underfull \hbox (badness 10000) in paragraph at lines 1192--1209

 []


Underfull \hbox (badness 10000) in paragraph at lines 1192--1209

 []


Overfull \hbox (11.55925pt too wide) in paragraph at lines 1192--1209
\OT1/cmr/m/n/10 Subroutine that cal-cu-lates the den-sity ma-trix, $\OML/cmm/m/
it/10 P[]$\OT1/cmr/m/n/10 , from the eigen-vectors of the Fockian/Khon-
 []

[45]
Underfull \hbox (badness 10000) in paragraph at lines 1211--1214

 []


Underfull \hbox (badness 10000) in paragraph at lines 1211--1214

 []


Underfull \hbox (badness 10000) in paragraph at lines 1211--1214

 []


Underfull \hbox (badness 10000) in paragraph at lines 1216--1226

 []


Underfull \hbox (badness 10000) in paragraph at lines 1216--1226

 []


Underfull \hbox (badness 10000) in paragraph at lines 1216--1226

 []


Overfull \hbox (3.16205pt too wide) in paragraph at lines 1216--1226
\OT1/cmr/m/n/10 to-tal ba-sis set from the lo-cal ba-sis sets cen-tered at the 
dif-fer-ent atoms If COUNTER=.FALSE.
 []


Underfull \hbox (badness 10000) in paragraph at lines 1216--1226

 []


Underfull \hbox (badness 10000) in paragraph at lines 1216--1226

 []


Underfull \hbox (badness 10000) in paragraph at lines 1216--1226

 []

[46]
Underfull \hbox (badness 10000) in paragraph at lines 1227--1263

 []


Underfull \hbox (badness 10000) in paragraph at lines 1227--1263

 []


Underfull \hbox (badness 10000) in paragraph at lines 1227--1263

 []


Underfull \hbox (badness 10000) in paragraph at lines 1227--1263

 []


Underfull \hbox (badness 10000) in paragraph at lines 1227--1263

 []


Underfull \hbox (badness 10000) in paragraph at lines 1227--1263

 []


Underfull \hbox (badness 10000) in paragraph at lines 1227--1263

 []


Underfull \hbox (badness 10000) in paragraph at lines 1227--1263

 []


Underfull \hbox (badness 10000) in paragraph at lines 1227--1263

 []


Underfull \hbox (badness 10000) in paragraph at lines 1227--1263

 []


Underfull \hbox (badness 10000) in paragraph at lines 1227--1263

 []

[47]
Underfull \hbox (badness 10000) in paragraph at lines 1264--1305

 []


Underfull \hbox (badness 10000) in paragraph at lines 1264--1305

 []


Underfull \hbox (badness 10000) in paragraph at lines 1264--1305

 []


Underfull \hbox (badness 10000) in paragraph at lines 1264--1305

 []


Underfull \hbox (badness 10000) in paragraph at lines 1264--1305

 []


Underfull \hbox (badness 10000) in paragraph at lines 1264--1305

 []

[48]
Underfull \hbox (badness 10000) in paragraph at lines 1306--1521

 []


Underfull \hbox (badness 10000) in paragraph at lines 1306--1521

 []


Underfull \hbox (badness 10000) in paragraph at lines 1306--1521

 []


Underfull \hbox (badness 10000) in paragraph at lines 1306--1521

 []


Underfull \hbox (badness 10000) in paragraph at lines 1306--1521

 []


Underfull \hbox (badness 10000) in paragraph at lines 1306--1521

 []


Underfull \hbox (badness 10000) in paragraph at lines 1306--1521

 []


Underfull \hbox (badness 10000) in paragraph at lines 1306--1521

 []


Underfull \hbox (badness 10000) in paragraph at lines 1306--1521

 []


Underfull \hbox (badness 10000) in paragraph at lines 1306--1521

 []


Underfull \hbox (badness 10000) in paragraph at lines 1306--1521

 []


Underfull \hbox (badness 10000) in paragraph at lines 1306--1521

 []


Underfull \hbox (badness 10000) in paragraph at lines 1306--1521

 []


Underfull \hbox (badness 10000) in paragraph at lines 1306--1521

 []


Underfull \hbox (badness 10000) in paragraph at lines 1306--1521

 []


Underfull \hbox (badness 10000) in paragraph at lines 1306--1521

 []


Underfull \hbox (badness 10000) in paragraph at lines 1306--1521

 []


Underfull \hbox (badness 10000) in paragraph at lines 1306--1521

 []


Underfull \hbox (badness 10000) in paragraph at lines 1306--1521

 []


Underfull \hbox (badness 10000) in paragraph at lines 1306--1521

 []


Underfull \hbox (badness 10000) in paragraph at lines 1306--1521

 []


Underfull \hbox (badness 10000) in paragraph at lines 1306--1521

 []


Underfull \hbox (badness 10000) in paragraph at lines 1306--1521

 []


Underfull \hbox (badness 10000) in paragraph at lines 1306--1521

 []


Underfull \hbox (badness 10000) in paragraph at lines 1306--1521

 []


Underfull \hbox (badness 10000) in paragraph at lines 1306--1521

 []


Underfull \hbox (badness 10000) in paragraph at lines 1306--1521

 []


Underfull \hbox (badness 10000) in paragraph at lines 1306--1521

 []


Underfull \hbox (badness 10000) in paragraph at lines 1306--1521

 []


Underfull \hbox (badness 10000) in paragraph at lines 1306--1521

 []


Underfull \hbox (badness 10000) in paragraph at lines 1306--1521

 []


Underfull \hbox (badness 10000) in paragraph at lines 1306--1521

 []


Underfull \hbox (badness 10000) in paragraph at lines 1306--1521

 []


Underfull \hbox (badness 10000) in paragraph at lines 1306--1521

 []


Underfull \hbox (badness 10000) in paragraph at lines 1306--1521

 []


Underfull \hbox (badness 10000) in paragraph at lines 1306--1521

 []


Underfull \hbox (badness 10000) in paragraph at lines 1306--1521

 []


Underfull \hbox (badness 10000) in paragraph at lines 1306--1521

 []


Underfull \hbox (badness 10000) in paragraph at lines 1306--1521

 []


Underfull \hbox (badness 10000) in paragraph at lines 1306--1521

 []


Underfull \hbox (badness 10000) in paragraph at lines 1306--1521

 []


Underfull \hbox (badness 10000) in paragraph at lines 1306--1521

 []


Underfull \hbox (badness 10000) in paragraph at lines 1306--1521

 []


Underfull \hbox (badness 10000) in paragraph at lines 1306--1521

 []


Underfull \hbox (badness 10000) in paragraph at lines 1306--1521

 []


Underfull \hbox (badness 10000) in paragraph at lines 1306--1521

 []


Underfull \hbox (badness 10000) in paragraph at lines 1306--1521

 []


Underfull \hbox (badness 10000) in paragraph at lines 1306--1521

 []


Underfull \hbox (badness 10000) in paragraph at lines 1306--1521

 []


Underfull \hbox (badness 10000) in paragraph at lines 1306--1521

 []


Underfull \hbox (badness 10000) in paragraph at lines 1306--1521

 []


Underfull \hbox (badness 10000) in paragraph at lines 1306--1521

 []


Underfull \hbox (badness 10000) in paragraph at lines 1306--1521

 []


Underfull \hbox (badness 10000) in paragraph at lines 1306--1521

 []


Underfull \hbox (badness 10000) in paragraph at lines 1306--1521

 []


Underfull \hbox (badness 10000) in paragraph at lines 1306--1521

 []


Underfull \hbox (badness 10000) in paragraph at lines 1306--1521

 []


Underfull \hbox (badness 10000) in paragraph at lines 1306--1521

 []


Underfull \hbox (badness 10000) in paragraph at lines 1306--1521

 []


Underfull \hbox (badness 10000) in paragraph at lines 1306--1521

 []


Underfull \hbox (badness 10000) in paragraph at lines 1306--1521

 []


Underfull \vbox (badness 10000) has occurred while \output is active []

 [49]
Underfull \vbox (badness 10000) has occurred while \output is active []

 [50]
Underfull \vbox (badness 10000) has occurred while \output is active []

 [51]
Underfull \vbox (badness 10000) has occurred while \output is active []

 [52]
Underfull \vbox (badness 10000) has occurred while \output is active []

 [53]
Underfull \hbox (badness 10000) in paragraph at lines 1528--1545

 []


Underfull \hbox (badness 10000) in paragraph at lines 1528--1545

 []


Underfull \hbox (badness 10000) in paragraph at lines 1528--1545

 []


Underfull \hbox (badness 10000) in paragraph at lines 1528--1545

 []

[54] [55]
Missing character: There is no â in font cmr10!
Missing character: There is no € in font cmr10!
Missing character: There is no “ in font cmr10!
Missing character: There is no Ì in font cmr10!
Missing character: There is no ˆ in font cmr10!
Missing character: There is no ï in font cmr10!
Missing character: There is no ¿ in font cmr10!
Missing character: There is no ½ in font cmr10!
 [56

] [57] (./manual.aux) )
(\end occurred inside a group at level 2)

### simple group (level 2) entered at line 565 ({)
### simple group (level 1) entered at line 548 ({)
### bottom level 
Here is how much of TeX's memory you used:
 1827 strings out of 94073
 21687 string characters out of 1162984
 83579 words of memory out of 1500000
 5117 multiletter control sequences out of 10000+50000
 10658 words of font info for 41 fonts, out of 1200000 for 2000
 645 hyphenation exceptions out of 8191
 27i,10n,24p,856b,285s stack positions out of 5000i,500n,6000p,200000b,5000s
</usr/local/texlive/2007/texmf-dist/fonts/type1/bluesky/cm/cmbx
10.pfb></usr/local/texlive/2007/texmf-dist/fonts/type1/bluesky/cm/cmbx12.pfb></
usr/local/texlive/2007/texmf-dist/fonts/type1/bluesky/cm/cmbx7.pfb></usr/local/
texlive/2007/texmf-dist/fonts/type1/bluesky/cm/cmex10.pfb></usr/local/texlive/2
007/texmf-dist/fonts/type1/bluesky/cm/cmmi10.pfb></usr/local/texlive/2007/texmf
-dist/fonts/type1/bluesky/cm/cmmi5.pfb></usr/local/texlive/2007/texmf-dist/font
s/type1/bluesky/cm/cmmi7.pfb></usr/local/texlive/2007/texmf-dist/fonts/type1/bl
uesky/cm/cmr10.pfb></usr/local/texlive/2007/texmf-dist/fonts/type1/bluesky/cm/c
mr17.pfb></usr/local/texlive/2007/texmf-dist/fonts/type1/bluesky/cm/cmr5.pfb></
usr/local/texlive/2007/texmf-dist/fonts/type1/bluesky/cm/cmr7.pfb></usr/local/t
exlive/2007/texmf-dist/fonts/type1/bluesky/cm/cmr9.pfb></usr/local/texlive/2007
/texmf-dist/fonts/type1/bluesky/cm/cmsl10.pfb></usr/local/texlive/2007/texmf-di
st/fonts/type1/bluesky/cm/cmsy10.pfb></usr/local/texlive/2007/texmf-dist/fonts/
type1/bluesky/cm/cmsy5.pfb></usr/local/texlive/2007/texmf-dist/fonts/type1/blue
sky/cm/cmsy7.pfb></usr/local/texlive/2007/texmf-dist/fonts/type1/bluesky/cm/cmt
i10.pfb></usr/local/texlive/2007/texmf-dist/fonts/type1/bluesky/cm/cmtt10.pfb><
/usr/local/texlive/2007/texmf-dist/fonts/type1/bluesky/cm/cmtt12.pfb></usr/loca
l/texlive/2007/texmf-dist/fonts/type1/bluesky/cm/cmtt8.pfb></usr/local/texlive/
2007/texmf-dist/fonts/type1/public/cmex/fmex7.pfb>
Output written on manual.pdf (57 pages, 469018 bytes).
PDF statistics:
 280 PDF objects out of 1000 (max. 8388607)
 0 named destinations out of 1000 (max. 131072)
 17 words of extra memory for PDF output out of 10000 (max. 10000000)

